# JRE version: OpenJDK Runtime Environment (11.0.10) (build 11.0.10+0-b96-7249189)
# Java VM: OpenJDK 64-Bit Server VM (11.0.10+0-b96-7249189, mixed mode, tiered, compressed oops, g1 gc, windows-amd64)
Heap:
 garbage-first heap   total 400384K, used 229129K [0x0000000080000000, 0x0000000100000000)
  region size 1024K, 54 young (55296K), 1 survivors (1024K)
 Metaspace       used 123056K, capacity 126743K, committed 126924K, reserved 1159168K
  class space    used 15190K, capacity 16564K, committed 16588K, reserved 1048576K
GC Heap History (20 events):
Event: 3428.661 GC heap before
{Heap before GC invocations=142 (full 0):
 garbage-first heap   total 400384K, used 126883K [0x0000000080000000, 0x0000000100000000)
  region size 1024K, 36 young (36864K), 2 survivors (2048K)
 Metaspace       used 117340K, capacity 121071K, committed 121420K, reserved 1155072K
  class space    used 14735K, capacity 16101K, committed 16204K, reserved 1048576K
}
Event: 3428.684 GC heap after
{Heap after GC invocations=143 (full 0):
 garbage-first heap   total 400384K, used 96369K [0x0000000080000000, 0x0000000100000000)
  region size 1024K, 5 young (5120K), 5 survivors (5120K)
 Metaspace       used 117340K, capacity 121071K, committed 121420K, reserved 1155072K
  class space    used 14735K, capacity 16101K, committed 16204K, reserved 1048576K
}
Event: 3533.560 GC heap before
{Heap before GC invocations=144 (full 0):
 garbage-first heap   total 400384K, used 330865K [0x0000000080000000, 0x0000000100000000)
  region size 1024K, 206 young (210944K), 5 survivors (5120K)
 Metaspace       used 122833K, capacity 126604K, committed 126668K, reserved 1159168K
  class space    used 15189K, capacity 16563K, committed 16588K, reserved 1048576K
}
Event: 3533.577 GC heap after
{Heap after GC invocations=145 (full 0):
 garbage-first heap   total 400384K, used 96394K [0x0000000080000000, 0x0000000100000000)
  region size 1024K, 5 young (5120K), 5 survivors (5120K)
 Metaspace       used 122833K, capacity 126604K, committed 126668K, reserved 1159168K
  class space    used 15189K, capacity 16563K, committed 16588K, reserved 1048576K
}
Event: 3534.459 GC heap before
{Heap before GC invocations=145 (full 0):
 garbage-first heap   total 400384K, used 109706K [0x0000000080000000, 0x0000000100000000)
  region size 1024K, 19 young (19456K), 5 survivors (5120K)
 Metaspace       used 122881K, capacity 126605K, committed 126668K, reserved 1159168K
  class space    used 15189K, capacity 16563K, committed 16588K, reserved 1048576K
}
Event: 3534.476 GC heap after
{Heap after GC invocations=146 (full 0):
 garbage-first heap   total 400384K, used 92685K [0x0000000080000000, 0x0000000100000000)
  region size 1024K, 2 young (2048K), 2 survivors (2048K)
 Metaspace       used 122881K, capacity 126605K, committed 126668K, reserved 1159168K
  class space    used 15189K, capacity 16563K, committed 16588K, reserved 1048576K
}
Event: 3534.965 GC heap before
{Heap before GC invocations=146 (full 0):
 garbage-first heap   total 400384K, used 105997K [0x0000000080000000, 0x0000000100000000)
  region size 1024K, 16 young (16384K), 2 survivors (2048K)
 Metaspace       used 122897K, capacity 126669K, committed 126924K, reserved 1159168K
  class space    used 15189K, capacity 16563K, committed 16588K, reserved 1048576K
}
Event: 3534.976 GC heap after
{Heap after GC invocations=147 (full 0):
 garbage-first heap   total 400384K, used 93091K [0x0000000080000000, 0x0000000100000000)
  region size 1024K, 2 young (2048K), 2 survivors (2048K)
 Metaspace       used 122897K, capacity 126669K, committed 126924K, reserved 1159168K
  class space    used 15189K, capacity 16563K, committed 16588K, reserved 1048576K
}
Event: 3536.127 GC heap before
{Heap before GC invocations=148 (full 0):
 garbage-first heap   total 400384K, used 281507K [0x0000000080000000, 0x0000000100000000)
  region size 1024K, 175 young (179200K), 2 survivors (2048K)
 Metaspace       used 122923K, capacity 126671K, committed 126924K, reserved 1159168K
  class space    used 15189K, capacity 16563K, committed 16588K, reserved 1048576K
}
Event: 3536.252 GC heap after
{Heap after GC invocations=149 (full 0):
 garbage-first heap   total 400384K, used 145741K [0x0000000080000000, 0x0000000100000000)
  region size 1024K, 22 young (22528K), 22 survivors (22528K)
 Metaspace       used 122923K, capacity 126671K, committed 126924K, reserved 1159168K
  class space    used 15189K, capacity 16563K, committed 16588K, reserved 1048576K
}
Event: 3536.288 GC heap before
{Heap before GC invocations=149 (full 0):
 garbage-first heap   total 400384K, used 146765K [0x0000000080000000, 0x0000000100000000)
  region size 1024K, 23 young (23552K), 22 survivors (22528K)
 Metaspace       used 122923K, capacity 126671K, committed 126924K, reserved 1159168K
  class space    used 15189K, capacity 16563K, committed 16588K, reserved 1048576K
}
Event: 3536.361 GC heap after
{Heap after GC invocations=150 (full 0):
 garbage-first heap   total 400384K, used 145920K [0x0000000080000000, 0x0000000100000000)
  region size 1024K, 1 young (1024K), 1 survivors (1024K)
 Metaspace       used 122923K, capacity 126671K, committed 126924K, reserved 1159168K
  class space    used 15189K, capacity 16563K, committed 16588K, reserved 1048576K
}
Event: 3536.740 GC heap before
{Heap before GC invocations=150 (full 0):
 garbage-first heap   total 400384K, used 179712K [0x0000000080000000, 0x0000000100000000)
  region size 1024K, 36 young (36864K), 1 survivors (1024K)
 Metaspace       used 122923K, capacity 126671K, committed 126924K, reserved 1159168K
  class space    used 15189K, capacity 16563K, committed 16588K, reserved 1048576K
}
Event: 3536.756 GC heap after
{Heap after GC invocations=151 (full 0):
 garbage-first heap   total 400384K, used 150253K [0x0000000080000000, 0x0000000100000000)
  region size 1024K, 5 young (5120K), 5 survivors (5120K)
 Metaspace       used 122923K, capacity 126671K, committed 126924K, reserved 1159168K
  class space    used 15189K, capacity 16563K, committed 16588K, reserved 1048576K
}
Event: 3539.290 GC heap before
{Heap before GC invocations=152 (full 0):
 garbage-first heap   total 400384K, used 311021K [0x0000000080000000, 0x0000000100000000)
  region size 1024K, 144 young (147456K), 5 survivors (5120K)
 Metaspace       used 122950K, capacity 126672K, committed 126924K, reserved 1159168K
  class space    used 15189K, capacity 16563K, committed 16588K, reserved 1048576K
}
Event: 3539.342 GC heap after
{Heap after GC invocations=153 (full 0):
 garbage-first heap   total 400384K, used 180697K [0x0000000080000000, 0x0000000100000000)
  region size 1024K, 18 young (18432K), 18 survivors (18432K)
 Metaspace       used 122950K, capacity 126672K, committed 126924K, reserved 1159168K
  class space    used 15189K, capacity 16563K, committed 16588K, reserved 1048576K
}
Event: 3539.347 GC heap before
{Heap before GC invocations=153 (full 0):
 garbage-first heap   total 400384K, used 181721K [0x0000000080000000, 0x0000000100000000)
  region size 1024K, 19 young (19456K), 18 survivors (18432K)
 Metaspace       used 122950K, capacity 126672K, committed 126924K, reserved 1159168K
  class space    used 15189K, capacity 16563K, committed 16588K, reserved 1048576K
}
Event: 3539.395 GC heap after
{Heap after GC invocations=154 (full 0):
 garbage-first heap   total 400384K, used 179929K [0x0000000080000000, 0x0000000100000000)
  region size 1024K, 1 young (1024K), 1 survivors (1024K)
 Metaspace       used 122950K, capacity 126672K, committed 126924K, reserved 1159168K
  class space    used 15189K, capacity 16563K, committed 16588K, reserved 1048576K
}
Event: 3540.789 GC heap before
{Heap before GC invocations=154 (full 0):
 garbage-first heap   total 400384K, used 204505K [0x0000000080000000, 0x0000000100000000)
  region size 1024K, 27 young (27648K), 1 survivors (1024K)
 Metaspace       used 122955K, capacity 126672K, committed 126924K, reserved 1159168K
  class space    used 15189K, capacity 16563K, committed 16588K, reserved 1048576K
}
Event: 3540.801 GC heap after
{Heap after GC invocations=155 (full 0):
 garbage-first heap   total 400384K, used 179978K [0x0000000080000000, 0x0000000100000000)
  region size 1024K, 1 young (1024K), 1 survivors (1024K)
 Metaspace       used 122955K, capacity 126672K, committed 126924K, reserved 1159168K
  class space    used 15189K, capacity 16563K, committed 16588K, reserved 1048576K
}

